ARM GAS  /var/folders/3x/w4njr7bn61lgchzhylxd3k6w0000gn/T//ccqYehdF.s 			page 1


   1              		.cpu cortex-m4
   2              		.eabi_attribute 27, 1
   3              		.eabi_attribute 28, 1
   4              		.eabi_attribute 20, 1
   5              		.eabi_attribute 21, 1
   6              		.eabi_attribute 23, 3
   7              		.eabi_attribute 24, 1
   8              		.eabi_attribute 25, 1
   9              		.eabi_attribute 26, 1
  10              		.eabi_attribute 30, 1
  11              		.eabi_attribute 34, 1
  12              		.eabi_attribute 18, 4
  13              		.file	"bsp.c"
  14              		.text
  15              	.Ltext0:
  16              		.cfi_sections	.debug_frame
  17              		.section	.text.bsp_Init,"ax",%progbits
  18              		.align	1
  19              		.global	bsp_Init
  20              		.arch armv7e-m
  21              		.syntax unified
  22              		.thumb
  23              		.thumb_func
  24              		.fpu fpv4-sp-d16
  26              	bsp_Init:
  27              	.LFB130:
  28              		.file 1 "bsp/bsp.c"
   1:bsp/bsp.c     **** #include "bsp.h"
   2:bsp/bsp.c     **** 
   3:bsp/bsp.c     **** void bsp_Init(void)
   4:bsp/bsp.c     **** {
  29              		.loc 1 4 1 view -0
  30              		.cfi_startproc
  31              		@ args = 0, pretend = 0, frame = 0
  32              		@ frame_needed = 0, uses_anonymous_args = 0
  33 0000 08B5     		push	{r3, lr}
  34              	.LCFI0:
  35              		.cfi_def_cfa_offset 8
  36              		.cfi_offset 3, -8
  37              		.cfi_offset 14, -4
   5:bsp/bsp.c     ****     NVIC_PriorityGroupConfig(NVIC_PriorityGroup_4);
  38              		.loc 1 5 5 view .LVU1
  39 0002 4FF44070 		mov	r0, #768
  40 0006 FFF7FEFF 		bl	NVIC_PriorityGroupConfig
  41              	.LVL0:
   6:bsp/bsp.c     **** 
   7:bsp/bsp.c     **** 	bsp_InitUart(); 	/* 初始化串口 */
  42              		.loc 1 7 2 view .LVU2
  43 000a FFF7FEFF 		bl	bsp_InitUart
  44              	.LVL1:
   8:bsp/bsp.c     **** 	// bsp_InitKey();		/* 初始化按键变量 */
   9:bsp/bsp.c     **** 	// bsp_InitLed(); 		/* 初始LED指示灯端口 */
  10:bsp/bsp.c     **** }...
  45              		.loc 1 10 1 is_stmt 0 view .LVU3
  46 000e 08BD     		pop	{r3, pc}
  47              		.cfi_endproc
  48              	.LFE130:
ARM GAS  /var/folders/3x/w4njr7bn61lgchzhylxd3k6w0000gn/T//ccqYehdF.s 			page 2


  50              		.text
  51              	.Letext0:
  52              		.file 2 "/Users/gordon/Documents/soft_proj/gcc-arm-none-eabi-8-2018-q4-major/arm-none-eabi/include
  53              		.file 3 "/Users/gordon/Documents/soft_proj/gcc-arm-none-eabi-8-2018-q4-major/arm-none-eabi/include
  54              		.file 4 "User/FreeRTOSConfig.h"
  55              		.file 5 "Libraries/CMSIS/Include/core_cm4.h"
  56              		.file 6 "/Users/gordon/Documents/soft_proj/gcc-arm-none-eabi-8-2018-q4-major/arm-none-eabi/include
  57              		.file 7 "/Users/gordon/Documents/soft_proj/gcc-arm-none-eabi-8-2018-q4-major/arm-none-eabi/include
  58              		.file 8 "/Users/gordon/Documents/soft_proj/gcc-arm-none-eabi-8-2018-q4-major/lib/gcc/arm-none-eabi
  59              		.file 9 "/Users/gordon/Documents/soft_proj/gcc-arm-none-eabi-8-2018-q4-major/arm-none-eabi/include
  60              		.file 10 "/Users/gordon/Documents/soft_proj/gcc-arm-none-eabi-8-2018-q4-major/arm-none-eabi/includ
  61              		.file 11 "Libraries/STM32F4xx_StdPeriph_Driver/inc/misc.h"
  62              		.file 12 "bsp/inc/bsp_uart_fifo.h"
ARM GAS  /var/folders/3x/w4njr7bn61lgchzhylxd3k6w0000gn/T//ccqYehdF.s 			page 3


DEFINED SYMBOLS
                            *ABS*:0000000000000000 bsp.c
/var/folders/3x/w4njr7bn61lgchzhylxd3k6w0000gn/T//ccqYehdF.s:18     .text.bsp_Init:0000000000000000 $t
/var/folders/3x/w4njr7bn61lgchzhylxd3k6w0000gn/T//ccqYehdF.s:26     .text.bsp_Init:0000000000000000 bsp_Init

UNDEFINED SYMBOLS
NVIC_PriorityGroupConfig
bsp_InitUart
