ARM GAS  /var/folders/3x/w4njr7bn61lgchzhylxd3k6w0000gn/T//ccweXnHa.s 			page 1


   1              		.cpu cortex-m4
   2              		.eabi_attribute 27, 1
   3              		.eabi_attribute 28, 1
   4              		.eabi_attribute 20, 1
   5              		.eabi_attribute 21, 1
   6              		.eabi_attribute 23, 3
   7              		.eabi_attribute 24, 1
   8              		.eabi_attribute 25, 1
   9              		.eabi_attribute 26, 1
  10              		.eabi_attribute 30, 1
  11              		.eabi_attribute 34, 1
  12              		.eabi_attribute 18, 4
  13              		.file	"stm32f4xx_syscfg.c"
  14              		.text
  15              	.Ltext0:
  16              		.cfi_sections	.debug_frame
  17              		.section	.text.SYSCFG_DeInit,"ax",%progbits
  18              		.align	1
  19              		.global	SYSCFG_DeInit
  20              		.arch armv7e-m
  21              		.syntax unified
  22              		.thumb
  23              		.thumb_func
  24              		.fpu fpv4-sp-d16
  26              	SYSCFG_DeInit:
  27              	.LFB123:
  28              		.file 1 "Libraries/STM32F4xx_StdPeriph_Driver/src/stm32f4xx_syscfg.c"
   1:Libraries/STM32F4xx_StdPeriph_Driver/src/stm32f4xx_syscfg.c **** /**
   2:Libraries/STM32F4xx_StdPeriph_Driver/src/stm32f4xx_syscfg.c ****   ******************************************************************************
   3:Libraries/STM32F4xx_StdPeriph_Driver/src/stm32f4xx_syscfg.c ****   * @file    stm32f4xx_syscfg.c
   4:Libraries/STM32F4xx_StdPeriph_Driver/src/stm32f4xx_syscfg.c ****   * @author  MCD Application Team
   5:Libraries/STM32F4xx_StdPeriph_Driver/src/stm32f4xx_syscfg.c ****   * @version V1.8.0
   6:Libraries/STM32F4xx_StdPeriph_Driver/src/stm32f4xx_syscfg.c ****   * @date    04-November-2016
   7:Libraries/STM32F4xx_StdPeriph_Driver/src/stm32f4xx_syscfg.c ****   * @brief   This file provides firmware functions to manage the SYSCFG peripheral.
   8:Libraries/STM32F4xx_StdPeriph_Driver/src/stm32f4xx_syscfg.c ****   *
   9:Libraries/STM32F4xx_StdPeriph_Driver/src/stm32f4xx_syscfg.c ****  @verbatim
  10:Libraries/STM32F4xx_StdPeriph_Driver/src/stm32f4xx_syscfg.c ****     
  11:Libraries/STM32F4xx_StdPeriph_Driver/src/stm32f4xx_syscfg.c ****  ===============================================================================
  12:Libraries/STM32F4xx_StdPeriph_Driver/src/stm32f4xx_syscfg.c ****                      ##### How to use this driver #####
  13:Libraries/STM32F4xx_StdPeriph_Driver/src/stm32f4xx_syscfg.c ****  ===============================================================================
  14:Libraries/STM32F4xx_StdPeriph_Driver/src/stm32f4xx_syscfg.c ****     [..] This driver provides functions for:
  15:Libraries/STM32F4xx_StdPeriph_Driver/src/stm32f4xx_syscfg.c ****             
  16:Libraries/STM32F4xx_StdPeriph_Driver/src/stm32f4xx_syscfg.c ****        (#) Remapping the memory accessible in the code area using SYSCFG_MemoryRemapConfig()
  17:Libraries/STM32F4xx_StdPeriph_Driver/src/stm32f4xx_syscfg.c ****             
  18:Libraries/STM32F4xx_StdPeriph_Driver/src/stm32f4xx_syscfg.c ****        (#) Swapping the internal flash Bank1 and Bank2 this features is only visible for 
  19:Libraries/STM32F4xx_StdPeriph_Driver/src/stm32f4xx_syscfg.c ****            STM32F42xxx/43xxx devices Devices. 
  20:Libraries/STM32F4xx_StdPeriph_Driver/src/stm32f4xx_syscfg.c ****                 
  21:Libraries/STM32F4xx_StdPeriph_Driver/src/stm32f4xx_syscfg.c ****        (#) Manage the EXTI lines connection to the GPIOs using SYSCFG_EXTILineConfig()
  22:Libraries/STM32F4xx_StdPeriph_Driver/src/stm32f4xx_syscfg.c ****               
  23:Libraries/STM32F4xx_StdPeriph_Driver/src/stm32f4xx_syscfg.c ****        (#) Select the ETHERNET media interface (RMII/RII) using SYSCFG_ETH_MediaInterfaceConfig()
  24:Libraries/STM32F4xx_StdPeriph_Driver/src/stm32f4xx_syscfg.c ****   
  25:Libraries/STM32F4xx_StdPeriph_Driver/src/stm32f4xx_syscfg.c ****        -@- SYSCFG APB clock must be enabled to get write access to SYSCFG registers,
  26:Libraries/STM32F4xx_StdPeriph_Driver/src/stm32f4xx_syscfg.c ****            using RCC_APB2PeriphClockCmd(RCC_APB2Periph_SYSCFG, ENABLE);
  27:Libraries/STM32F4xx_StdPeriph_Driver/src/stm32f4xx_syscfg.c ****                    
  28:Libraries/STM32F4xx_StdPeriph_Driver/src/stm32f4xx_syscfg.c ****  @endverbatim      
  29:Libraries/STM32F4xx_StdPeriph_Driver/src/stm32f4xx_syscfg.c ****   ******************************************************************************
  30:Libraries/STM32F4xx_StdPeriph_Driver/src/stm32f4xx_syscfg.c ****   * @attention
ARM GAS  /var/folders/3x/w4njr7bn61lgchzhylxd3k6w0000gn/T//ccweXnHa.s 			page 2


  31:Libraries/STM32F4xx_StdPeriph_Driver/src/stm32f4xx_syscfg.c ****   *
  32:Libraries/STM32F4xx_StdPeriph_Driver/src/stm32f4xx_syscfg.c ****   * <h2><center>&copy; COPYRIGHT 2016 STMicroelectronics</center></h2>
  33:Libraries/STM32F4xx_StdPeriph_Driver/src/stm32f4xx_syscfg.c ****   *
  34:Libraries/STM32F4xx_StdPeriph_Driver/src/stm32f4xx_syscfg.c ****   * Licensed under MCD-ST Liberty SW License Agreement V2, (the "License");
  35:Libraries/STM32F4xx_StdPeriph_Driver/src/stm32f4xx_syscfg.c ****   * You may not use this file except in compliance with the License.
  36:Libraries/STM32F4xx_StdPeriph_Driver/src/stm32f4xx_syscfg.c ****   * You may obtain a copy of the License at:
  37:Libraries/STM32F4xx_StdPeriph_Driver/src/stm32f4xx_syscfg.c ****   *
  38:Libraries/STM32F4xx_StdPeriph_Driver/src/stm32f4xx_syscfg.c ****   *        http://www.st.com/software_license_agreement_liberty_v2
  39:Libraries/STM32F4xx_StdPeriph_Driver/src/stm32f4xx_syscfg.c ****   *
  40:Libraries/STM32F4xx_StdPeriph_Driver/src/stm32f4xx_syscfg.c ****   * Unless required by applicable law or agreed to in writing, software 
  41:Libraries/STM32F4xx_StdPeriph_Driver/src/stm32f4xx_syscfg.c ****   * distributed under the License is distributed on an "AS IS" BASIS, 
  42:Libraries/STM32F4xx_StdPeriph_Driver/src/stm32f4xx_syscfg.c ****   * WITHOUT WARRANTIES OR CONDITIONS OF ANY KIND, either express or implied.
  43:Libraries/STM32F4xx_StdPeriph_Driver/src/stm32f4xx_syscfg.c ****   * See the License for the specific language governing permissions and
  44:Libraries/STM32F4xx_StdPeriph_Driver/src/stm32f4xx_syscfg.c ****   * limitations under the License.
  45:Libraries/STM32F4xx_StdPeriph_Driver/src/stm32f4xx_syscfg.c ****   *
  46:Libraries/STM32F4xx_StdPeriph_Driver/src/stm32f4xx_syscfg.c ****   ******************************************************************************
  47:Libraries/STM32F4xx_StdPeriph_Driver/src/stm32f4xx_syscfg.c ****   */
  48:Libraries/STM32F4xx_StdPeriph_Driver/src/stm32f4xx_syscfg.c **** 
  49:Libraries/STM32F4xx_StdPeriph_Driver/src/stm32f4xx_syscfg.c **** /* Includes ------------------------------------------------------------------*/
  50:Libraries/STM32F4xx_StdPeriph_Driver/src/stm32f4xx_syscfg.c **** #include "stm32f4xx_syscfg.h"
  51:Libraries/STM32F4xx_StdPeriph_Driver/src/stm32f4xx_syscfg.c **** #include "stm32f4xx_rcc.h"
  52:Libraries/STM32F4xx_StdPeriph_Driver/src/stm32f4xx_syscfg.c **** 
  53:Libraries/STM32F4xx_StdPeriph_Driver/src/stm32f4xx_syscfg.c **** /** @addtogroup STM32F4xx_StdPeriph_Driver
  54:Libraries/STM32F4xx_StdPeriph_Driver/src/stm32f4xx_syscfg.c ****   * @{
  55:Libraries/STM32F4xx_StdPeriph_Driver/src/stm32f4xx_syscfg.c ****   */
  56:Libraries/STM32F4xx_StdPeriph_Driver/src/stm32f4xx_syscfg.c **** 
  57:Libraries/STM32F4xx_StdPeriph_Driver/src/stm32f4xx_syscfg.c **** /** @defgroup SYSCFG 
  58:Libraries/STM32F4xx_StdPeriph_Driver/src/stm32f4xx_syscfg.c ****   * @brief SYSCFG driver modules
  59:Libraries/STM32F4xx_StdPeriph_Driver/src/stm32f4xx_syscfg.c ****   * @{
  60:Libraries/STM32F4xx_StdPeriph_Driver/src/stm32f4xx_syscfg.c ****   */ 
  61:Libraries/STM32F4xx_StdPeriph_Driver/src/stm32f4xx_syscfg.c **** 
  62:Libraries/STM32F4xx_StdPeriph_Driver/src/stm32f4xx_syscfg.c **** /* Private typedef -----------------------------------------------------------*/
  63:Libraries/STM32F4xx_StdPeriph_Driver/src/stm32f4xx_syscfg.c **** /* Private define ------------------------------------------------------------*/
  64:Libraries/STM32F4xx_StdPeriph_Driver/src/stm32f4xx_syscfg.c **** /* ------------ RCC registers bit address in the alias region ----------- */
  65:Libraries/STM32F4xx_StdPeriph_Driver/src/stm32f4xx_syscfg.c **** #define SYSCFG_OFFSET             (SYSCFG_BASE - PERIPH_BASE)
  66:Libraries/STM32F4xx_StdPeriph_Driver/src/stm32f4xx_syscfg.c **** /* ---  MEMRMP Register ---*/ 
  67:Libraries/STM32F4xx_StdPeriph_Driver/src/stm32f4xx_syscfg.c **** /* Alias word address of UFB_MODE bit */ 
  68:Libraries/STM32F4xx_StdPeriph_Driver/src/stm32f4xx_syscfg.c **** #define MEMRMP_OFFSET             SYSCFG_OFFSET 
  69:Libraries/STM32F4xx_StdPeriph_Driver/src/stm32f4xx_syscfg.c **** #define UFB_MODE_BitNumber        ((uint8_t)0x8) 
  70:Libraries/STM32F4xx_StdPeriph_Driver/src/stm32f4xx_syscfg.c **** #define UFB_MODE_BB               (PERIPH_BB_BASE + (MEMRMP_OFFSET * 32) + (UFB_MODE_BitNumber * 4)
  71:Libraries/STM32F4xx_StdPeriph_Driver/src/stm32f4xx_syscfg.c ****     
  72:Libraries/STM32F4xx_StdPeriph_Driver/src/stm32f4xx_syscfg.c **** /* ---  PMC Register ---*/ 
  73:Libraries/STM32F4xx_StdPeriph_Driver/src/stm32f4xx_syscfg.c **** /* Alias word address of MII_RMII_SEL bit */ 
  74:Libraries/STM32F4xx_StdPeriph_Driver/src/stm32f4xx_syscfg.c **** #define PMC_OFFSET                (SYSCFG_OFFSET + 0x04) 
  75:Libraries/STM32F4xx_StdPeriph_Driver/src/stm32f4xx_syscfg.c **** #define MII_RMII_SEL_BitNumber    ((uint8_t)0x17) 
  76:Libraries/STM32F4xx_StdPeriph_Driver/src/stm32f4xx_syscfg.c **** #define PMC_MII_RMII_SEL_BB       (PERIPH_BB_BASE + (PMC_OFFSET * 32) + (MII_RMII_SEL_BitNumber * 4
  77:Libraries/STM32F4xx_StdPeriph_Driver/src/stm32f4xx_syscfg.c ****     
  78:Libraries/STM32F4xx_StdPeriph_Driver/src/stm32f4xx_syscfg.c **** /* ---  CMPCR Register ---*/ 
  79:Libraries/STM32F4xx_StdPeriph_Driver/src/stm32f4xx_syscfg.c **** /* Alias word address of CMP_PD bit */ 
  80:Libraries/STM32F4xx_StdPeriph_Driver/src/stm32f4xx_syscfg.c **** #define CMPCR_OFFSET              (SYSCFG_OFFSET + 0x20) 
  81:Libraries/STM32F4xx_StdPeriph_Driver/src/stm32f4xx_syscfg.c **** #define CMP_PD_BitNumber          ((uint8_t)0x00) 
  82:Libraries/STM32F4xx_StdPeriph_Driver/src/stm32f4xx_syscfg.c **** #define CMPCR_CMP_PD_BB           (PERIPH_BB_BASE + (CMPCR_OFFSET * 32) + (CMP_PD_BitNumber * 4)) 
  83:Libraries/STM32F4xx_StdPeriph_Driver/src/stm32f4xx_syscfg.c **** 
  84:Libraries/STM32F4xx_StdPeriph_Driver/src/stm32f4xx_syscfg.c **** /* ---  MCHDLYCR Register ---*/ 
  85:Libraries/STM32F4xx_StdPeriph_Driver/src/stm32f4xx_syscfg.c **** /* Alias word address of BSCKSEL bit */ 
  86:Libraries/STM32F4xx_StdPeriph_Driver/src/stm32f4xx_syscfg.c **** #define MCHDLYCR_OFFSET            (SYSCFG_OFFSET + 0x30) 
  87:Libraries/STM32F4xx_StdPeriph_Driver/src/stm32f4xx_syscfg.c **** #define BSCKSEL_BIT_NUMBER         POSITION_VAL(SYSCFG_MCHDLYCR_BSCKSEL)
ARM GAS  /var/folders/3x/w4njr7bn61lgchzhylxd3k6w0000gn/T//ccweXnHa.s 			page 3


  88:Libraries/STM32F4xx_StdPeriph_Driver/src/stm32f4xx_syscfg.c **** #define MCHDLYCR_BSCKSEL_BB        (uint32_t)(PERIPH_BB_BASE + (MCHDLYCR_OFFSET * 32) + (BSCKSEL_BI
  89:Libraries/STM32F4xx_StdPeriph_Driver/src/stm32f4xx_syscfg.c **** 
  90:Libraries/STM32F4xx_StdPeriph_Driver/src/stm32f4xx_syscfg.c **** /* Private macro -------------------------------------------------------------*/
  91:Libraries/STM32F4xx_StdPeriph_Driver/src/stm32f4xx_syscfg.c **** /* Private variables ---------------------------------------------------------*/
  92:Libraries/STM32F4xx_StdPeriph_Driver/src/stm32f4xx_syscfg.c **** /* Private function prototypes -----------------------------------------------*/
  93:Libraries/STM32F4xx_StdPeriph_Driver/src/stm32f4xx_syscfg.c **** /* Private functions ---------------------------------------------------------*/
  94:Libraries/STM32F4xx_StdPeriph_Driver/src/stm32f4xx_syscfg.c **** 
  95:Libraries/STM32F4xx_StdPeriph_Driver/src/stm32f4xx_syscfg.c **** /** @defgroup SYSCFG_Private_Functions
  96:Libraries/STM32F4xx_StdPeriph_Driver/src/stm32f4xx_syscfg.c ****   * @{
  97:Libraries/STM32F4xx_StdPeriph_Driver/src/stm32f4xx_syscfg.c ****   */ 
  98:Libraries/STM32F4xx_StdPeriph_Driver/src/stm32f4xx_syscfg.c **** 
  99:Libraries/STM32F4xx_StdPeriph_Driver/src/stm32f4xx_syscfg.c **** /**
 100:Libraries/STM32F4xx_StdPeriph_Driver/src/stm32f4xx_syscfg.c ****   * @brief  Deinitializes the Alternate Functions (remap and EXTI configuration)
 101:Libraries/STM32F4xx_StdPeriph_Driver/src/stm32f4xx_syscfg.c ****   *   registers to their default reset values.
 102:Libraries/STM32F4xx_StdPeriph_Driver/src/stm32f4xx_syscfg.c ****   * @param  None
 103:Libraries/STM32F4xx_StdPeriph_Driver/src/stm32f4xx_syscfg.c ****   * @retval None
 104:Libraries/STM32F4xx_StdPeriph_Driver/src/stm32f4xx_syscfg.c ****   */
 105:Libraries/STM32F4xx_StdPeriph_Driver/src/stm32f4xx_syscfg.c **** void SYSCFG_DeInit(void)
 106:Libraries/STM32F4xx_StdPeriph_Driver/src/stm32f4xx_syscfg.c **** {
  29              		.loc 1 106 1 view -0
  30              		.cfi_startproc
  31              		@ args = 0, pretend = 0, frame = 0
  32              		@ frame_needed = 0, uses_anonymous_args = 0
  33 0000 08B5     		push	{r3, lr}
  34              	.LCFI0:
  35              		.cfi_def_cfa_offset 8
  36              		.cfi_offset 3, -8
  37              		.cfi_offset 14, -4
 107:Libraries/STM32F4xx_StdPeriph_Driver/src/stm32f4xx_syscfg.c ****    RCC_APB2PeriphResetCmd(RCC_APB2Periph_SYSCFG, ENABLE);
  38              		.loc 1 107 4 view .LVU1
  39 0002 0121     		movs	r1, #1
  40 0004 4FF48040 		mov	r0, #16384
  41 0008 FFF7FEFF 		bl	RCC_APB2PeriphResetCmd
  42              	.LVL0:
 108:Libraries/STM32F4xx_StdPeriph_Driver/src/stm32f4xx_syscfg.c ****    RCC_APB2PeriphResetCmd(RCC_APB2Periph_SYSCFG, DISABLE);
  43              		.loc 1 108 4 view .LVU2
  44 000c 0021     		movs	r1, #0
  45 000e 4FF48040 		mov	r0, #16384
  46 0012 FFF7FEFF 		bl	RCC_APB2PeriphResetCmd
  47              	.LVL1:
 109:Libraries/STM32F4xx_StdPeriph_Driver/src/stm32f4xx_syscfg.c **** }
  48              		.loc 1 109 1 is_stmt 0 view .LVU3
  49 0016 08BD     		pop	{r3, pc}
  50              		.cfi_endproc
  51              	.LFE123:
  53              		.section	.text.SYSCFG_MemoryRemapConfig,"ax",%progbits
  54              		.align	1
  55              		.global	SYSCFG_MemoryRemapConfig
  56              		.syntax unified
  57              		.thumb
  58              		.thumb_func
  59              		.fpu fpv4-sp-d16
  61              	SYSCFG_MemoryRemapConfig:
  62              	.LVL2:
  63              	.LFB124:
 110:Libraries/STM32F4xx_StdPeriph_Driver/src/stm32f4xx_syscfg.c **** 
 111:Libraries/STM32F4xx_StdPeriph_Driver/src/stm32f4xx_syscfg.c **** /**
ARM GAS  /var/folders/3x/w4njr7bn61lgchzhylxd3k6w0000gn/T//ccweXnHa.s 			page 4


 112:Libraries/STM32F4xx_StdPeriph_Driver/src/stm32f4xx_syscfg.c ****   * @brief  Changes the mapping of the specified pin.
 113:Libraries/STM32F4xx_StdPeriph_Driver/src/stm32f4xx_syscfg.c ****   * @param  SYSCFG_Memory: selects the memory remapping.
 114:Libraries/STM32F4xx_StdPeriph_Driver/src/stm32f4xx_syscfg.c ****   *         This parameter can be one of the following values:
 115:Libraries/STM32F4xx_StdPeriph_Driver/src/stm32f4xx_syscfg.c ****   *            @arg SYSCFG_MemoryRemap_Flash:       Main Flash memory mapped at 0x00000000  
 116:Libraries/STM32F4xx_StdPeriph_Driver/src/stm32f4xx_syscfg.c ****   *            @arg SYSCFG_MemoryRemap_SystemFlash: System Flash memory mapped at 0x00000000
 117:Libraries/STM32F4xx_StdPeriph_Driver/src/stm32f4xx_syscfg.c ****   *            @arg SYSCFG_MemoryRemap_FSMC:        FSMC (Bank1 (NOR/PSRAM 1 and 2) mapped at 0x000
 118:Libraries/STM32F4xx_StdPeriph_Driver/src/stm32f4xx_syscfg.c ****   *            @arg SYSCFG_MemoryRemap_FMC:         FMC (Bank1 (NOR/PSRAM 1 and 2) mapped at 0x0000
 119:Libraries/STM32F4xx_StdPeriph_Driver/src/stm32f4xx_syscfg.c ****   *            @arg SYSCFG_MemoryRemap_ExtMEM:      External Memory mapped at 0x00000000 for STM32F
 120:Libraries/STM32F4xx_StdPeriph_Driver/src/stm32f4xx_syscfg.c ****   *            @arg SYSCFG_MemoryRemap_SRAM:        Embedded SRAM (112kB) mapped at 0x00000000
 121:Libraries/STM32F4xx_StdPeriph_Driver/src/stm32f4xx_syscfg.c ****   *            @arg SYSCFG_MemoryRemap_SDRAM:       FMC (External SDRAM)  mapped at 0x00000000 for 
 122:Libraries/STM32F4xx_StdPeriph_Driver/src/stm32f4xx_syscfg.c ****   * @retval None
 123:Libraries/STM32F4xx_StdPeriph_Driver/src/stm32f4xx_syscfg.c ****   */
 124:Libraries/STM32F4xx_StdPeriph_Driver/src/stm32f4xx_syscfg.c **** void SYSCFG_MemoryRemapConfig(uint8_t SYSCFG_MemoryRemap)
 125:Libraries/STM32F4xx_StdPeriph_Driver/src/stm32f4xx_syscfg.c **** {
  64              		.loc 1 125 1 is_stmt 1 view -0
  65              		.cfi_startproc
  66              		@ args = 0, pretend = 0, frame = 0
  67              		@ frame_needed = 0, uses_anonymous_args = 0
  68              		@ link register save eliminated.
 126:Libraries/STM32F4xx_StdPeriph_Driver/src/stm32f4xx_syscfg.c ****   /* Check the parameters */
 127:Libraries/STM32F4xx_StdPeriph_Driver/src/stm32f4xx_syscfg.c ****   assert_param(IS_SYSCFG_MEMORY_REMAP_CONFING(SYSCFG_MemoryRemap));
  69              		.loc 1 127 3 view .LVU5
 128:Libraries/STM32F4xx_StdPeriph_Driver/src/stm32f4xx_syscfg.c **** 
 129:Libraries/STM32F4xx_StdPeriph_Driver/src/stm32f4xx_syscfg.c ****   SYSCFG->MEMRMP = SYSCFG_MemoryRemap;
  70              		.loc 1 129 3 view .LVU6
  71              		.loc 1 129 18 is_stmt 0 view .LVU7
  72 0000 014B     		ldr	r3, .L4
  73 0002 1860     		str	r0, [r3]
 130:Libraries/STM32F4xx_StdPeriph_Driver/src/stm32f4xx_syscfg.c **** }
  74              		.loc 1 130 1 view .LVU8
  75 0004 7047     		bx	lr
  76              	.L5:
  77 0006 00BF     		.align	2
  78              	.L4:
  79 0008 00380140 		.word	1073821696
  80              		.cfi_endproc
  81              	.LFE124:
  83              		.section	.text.SYSCFG_MemorySwappingBank,"ax",%progbits
  84              		.align	1
  85              		.global	SYSCFG_MemorySwappingBank
  86              		.syntax unified
  87              		.thumb
  88              		.thumb_func
  89              		.fpu fpv4-sp-d16
  91              	SYSCFG_MemorySwappingBank:
  92              	.LVL3:
  93              	.LFB125:
 131:Libraries/STM32F4xx_StdPeriph_Driver/src/stm32f4xx_syscfg.c **** 
 132:Libraries/STM32F4xx_StdPeriph_Driver/src/stm32f4xx_syscfg.c **** /**
 133:Libraries/STM32F4xx_StdPeriph_Driver/src/stm32f4xx_syscfg.c ****   * @brief  Enables or disables the Internal FLASH Bank Swapping.
 134:Libraries/STM32F4xx_StdPeriph_Driver/src/stm32f4xx_syscfg.c ****   *   
 135:Libraries/STM32F4xx_StdPeriph_Driver/src/stm32f4xx_syscfg.c ****   * @note   This function can be used only for STM32F42xxx/43xxx devices. 
 136:Libraries/STM32F4xx_StdPeriph_Driver/src/stm32f4xx_syscfg.c ****   *
 137:Libraries/STM32F4xx_StdPeriph_Driver/src/stm32f4xx_syscfg.c ****   * @param  NewState: new state of Internal FLASH Bank swapping.
 138:Libraries/STM32F4xx_StdPeriph_Driver/src/stm32f4xx_syscfg.c ****   *          This parameter can be one of the following values:
 139:Libraries/STM32F4xx_StdPeriph_Driver/src/stm32f4xx_syscfg.c ****   *            @arg ENABLE: Flash Bank2 mapped at 0x08000000 (and aliased @0x00000000) 
 140:Libraries/STM32F4xx_StdPeriph_Driver/src/stm32f4xx_syscfg.c ****   *                         and Flash Bank1 mapped at 0x08100000 (and aliased at 0x00100000)   
ARM GAS  /var/folders/3x/w4njr7bn61lgchzhylxd3k6w0000gn/T//ccweXnHa.s 			page 5


 141:Libraries/STM32F4xx_StdPeriph_Driver/src/stm32f4xx_syscfg.c ****   *            @arg DISABLE:(the default state) Flash Bank1 mapped at 0x08000000 (and aliased @0x00
 142:Libraries/STM32F4xx_StdPeriph_Driver/src/stm32f4xx_syscfg.c ****                             and Flash Bank2 mapped at 0x08100000 (and aliased at 0x00100000)  
 143:Libraries/STM32F4xx_StdPeriph_Driver/src/stm32f4xx_syscfg.c ****   * @retval None
 144:Libraries/STM32F4xx_StdPeriph_Driver/src/stm32f4xx_syscfg.c ****   */
 145:Libraries/STM32F4xx_StdPeriph_Driver/src/stm32f4xx_syscfg.c **** void SYSCFG_MemorySwappingBank(FunctionalState NewState)
 146:Libraries/STM32F4xx_StdPeriph_Driver/src/stm32f4xx_syscfg.c **** {
  94              		.loc 1 146 1 is_stmt 1 view -0
  95              		.cfi_startproc
  96              		@ args = 0, pretend = 0, frame = 0
  97              		@ frame_needed = 0, uses_anonymous_args = 0
  98              		@ link register save eliminated.
 147:Libraries/STM32F4xx_StdPeriph_Driver/src/stm32f4xx_syscfg.c ****   /* Check the parameters */
 148:Libraries/STM32F4xx_StdPeriph_Driver/src/stm32f4xx_syscfg.c ****   assert_param(IS_FUNCTIONAL_STATE(NewState));
  99              		.loc 1 148 3 view .LVU10
 149:Libraries/STM32F4xx_StdPeriph_Driver/src/stm32f4xx_syscfg.c **** 
 150:Libraries/STM32F4xx_StdPeriph_Driver/src/stm32f4xx_syscfg.c ****   *(__IO uint32_t *) UFB_MODE_BB = (uint32_t)NewState;
 100              		.loc 1 150 3 view .LVU11
 101              		.loc 1 150 34 is_stmt 0 view .LVU12
 102 0000 014B     		ldr	r3, .L7
 103 0002 1860     		str	r0, [r3]
 151:Libraries/STM32F4xx_StdPeriph_Driver/src/stm32f4xx_syscfg.c **** }
 104              		.loc 1 151 1 view .LVU13
 105 0004 7047     		bx	lr
 106              	.L8:
 107 0006 00BF     		.align	2
 108              	.L7:
 109 0008 20002742 		.word	1109852192
 110              		.cfi_endproc
 111              	.LFE125:
 113              		.section	.text.SYSCFG_EXTILineConfig,"ax",%progbits
 114              		.align	1
 115              		.global	SYSCFG_EXTILineConfig
 116              		.syntax unified
 117              		.thumb
 118              		.thumb_func
 119              		.fpu fpv4-sp-d16
 121              	SYSCFG_EXTILineConfig:
 122              	.LVL4:
 123              	.LFB126:
 152:Libraries/STM32F4xx_StdPeriph_Driver/src/stm32f4xx_syscfg.c **** 
 153:Libraries/STM32F4xx_StdPeriph_Driver/src/stm32f4xx_syscfg.c **** /**
 154:Libraries/STM32F4xx_StdPeriph_Driver/src/stm32f4xx_syscfg.c ****   * @brief  Selects the GPIO pin used as EXTI Line.
 155:Libraries/STM32F4xx_StdPeriph_Driver/src/stm32f4xx_syscfg.c ****   * @param  EXTI_PortSourceGPIOx : selects the GPIO port to be used as source for
 156:Libraries/STM32F4xx_StdPeriph_Driver/src/stm32f4xx_syscfg.c ****   *          EXTI lines where x can be (A..K) for STM32F42xxx/43xxx devices, (A..I) 
 157:Libraries/STM32F4xx_StdPeriph_Driver/src/stm32f4xx_syscfg.c ****   *          for STM32F405xx/407xx and STM32F415xx/417xx devices or (A, B, C, D and H)
 158:Libraries/STM32F4xx_StdPeriph_Driver/src/stm32f4xx_syscfg.c ****   *          for STM32401xx devices.  
 159:Libraries/STM32F4xx_StdPeriph_Driver/src/stm32f4xx_syscfg.c ****   *            
 160:Libraries/STM32F4xx_StdPeriph_Driver/src/stm32f4xx_syscfg.c ****   * @param  EXTI_PinSourcex: specifies the EXTI line to be configured.
 161:Libraries/STM32F4xx_StdPeriph_Driver/src/stm32f4xx_syscfg.c ****   *           This parameter can be EXTI_PinSourcex where x can be (0..15, except
 162:Libraries/STM32F4xx_StdPeriph_Driver/src/stm32f4xx_syscfg.c ****   *           for EXTI_PortSourceGPIOI x can be (0..11) for STM32F405xx/407xx
 163:Libraries/STM32F4xx_StdPeriph_Driver/src/stm32f4xx_syscfg.c ****   *           and STM32F405xx/407xx devices and for EXTI_PortSourceGPIOK x can   
 164:Libraries/STM32F4xx_StdPeriph_Driver/src/stm32f4xx_syscfg.c ****   *           be (0..7) for STM32F42xxx/43xxx devices. 
 165:Libraries/STM32F4xx_StdPeriph_Driver/src/stm32f4xx_syscfg.c ****   *             
 166:Libraries/STM32F4xx_StdPeriph_Driver/src/stm32f4xx_syscfg.c ****   * @retval None
 167:Libraries/STM32F4xx_StdPeriph_Driver/src/stm32f4xx_syscfg.c ****   */
 168:Libraries/STM32F4xx_StdPeriph_Driver/src/stm32f4xx_syscfg.c **** void SYSCFG_EXTILineConfig(uint8_t EXTI_PortSourceGPIOx, uint8_t EXTI_PinSourcex)
 169:Libraries/STM32F4xx_StdPeriph_Driver/src/stm32f4xx_syscfg.c **** {
ARM GAS  /var/folders/3x/w4njr7bn61lgchzhylxd3k6w0000gn/T//ccweXnHa.s 			page 6


 124              		.loc 1 169 1 is_stmt 1 view -0
 125              		.cfi_startproc
 126              		@ args = 0, pretend = 0, frame = 0
 127              		@ frame_needed = 0, uses_anonymous_args = 0
 128              		@ link register save eliminated.
 129              		.loc 1 169 1 is_stmt 0 view .LVU15
 130 0000 30B4     		push	{r4, r5}
 131              	.LCFI1:
 132              		.cfi_def_cfa_offset 8
 133              		.cfi_offset 4, -8
 134              		.cfi_offset 5, -4
 170:Libraries/STM32F4xx_StdPeriph_Driver/src/stm32f4xx_syscfg.c ****   uint32_t tmp = 0x00;
 135              		.loc 1 170 3 is_stmt 1 view .LVU16
 136              	.LVL5:
 171:Libraries/STM32F4xx_StdPeriph_Driver/src/stm32f4xx_syscfg.c **** 
 172:Libraries/STM32F4xx_StdPeriph_Driver/src/stm32f4xx_syscfg.c ****   /* Check the parameters */
 173:Libraries/STM32F4xx_StdPeriph_Driver/src/stm32f4xx_syscfg.c ****   assert_param(IS_EXTI_PORT_SOURCE(EXTI_PortSourceGPIOx));
 137              		.loc 1 173 3 view .LVU17
 174:Libraries/STM32F4xx_StdPeriph_Driver/src/stm32f4xx_syscfg.c ****   assert_param(IS_EXTI_PIN_SOURCE(EXTI_PinSourcex));
 138              		.loc 1 174 3 view .LVU18
 175:Libraries/STM32F4xx_StdPeriph_Driver/src/stm32f4xx_syscfg.c **** 
 176:Libraries/STM32F4xx_StdPeriph_Driver/src/stm32f4xx_syscfg.c ****   tmp = ((uint32_t)0x0F) << (0x04 * (EXTI_PinSourcex & (uint8_t)0x03));
 139              		.loc 1 176 3 view .LVU19
 140              		.loc 1 176 54 is_stmt 0 view .LVU20
 141 0002 01F00303 		and	r3, r1, #3
 142              		.loc 1 176 35 view .LVU21
 143 0006 9B00     		lsls	r3, r3, #2
 144              		.loc 1 176 7 view .LVU22
 145 0008 0F24     		movs	r4, #15
 146 000a 04FA03F5 		lsl	r5, r4, r3
 147              	.LVL6:
 177:Libraries/STM32F4xx_StdPeriph_Driver/src/stm32f4xx_syscfg.c ****   SYSCFG->EXTICR[EXTI_PinSourcex >> 0x02] &= ~tmp;
 148              		.loc 1 177 3 is_stmt 1 view .LVU23
 149              		.loc 1 177 43 is_stmt 0 view .LVU24
 150 000e 8908     		lsrs	r1, r1, #2
 151              	.LVL7:
 152              		.loc 1 177 43 view .LVU25
 153 0010 074A     		ldr	r2, .L11
 154 0012 0231     		adds	r1, r1, #2
 155 0014 52F82140 		ldr	r4, [r2, r1, lsl #2]
 156 0018 24EA0504 		bic	r4, r4, r5
 157 001c 42F82140 		str	r4, [r2, r1, lsl #2]
 178:Libraries/STM32F4xx_StdPeriph_Driver/src/stm32f4xx_syscfg.c ****   SYSCFG->EXTICR[EXTI_PinSourcex >> 0x02] |= (((uint32_t)EXTI_PortSourceGPIOx) << (0x04 * (EXTI_Pin
 158              		.loc 1 178 3 is_stmt 1 view .LVU26
 159              		.loc 1 178 43 is_stmt 0 view .LVU27
 160 0020 52F82140 		ldr	r4, [r2, r1, lsl #2]
 161              		.loc 1 178 80 view .LVU28
 162 0024 9840     		lsls	r0, r0, r3
 163              	.LVL8:
 164              		.loc 1 178 43 view .LVU29
 165 0026 2043     		orrs	r0, r0, r4
 166 0028 42F82100 		str	r0, [r2, r1, lsl #2]
 179:Libraries/STM32F4xx_StdPeriph_Driver/src/stm32f4xx_syscfg.c **** }
 167              		.loc 1 179 1 view .LVU30
 168 002c 30BC     		pop	{r4, r5}
 169              	.LCFI2:
 170              		.cfi_restore 5
ARM GAS  /var/folders/3x/w4njr7bn61lgchzhylxd3k6w0000gn/T//ccweXnHa.s 			page 7


 171              		.cfi_restore 4
 172              		.cfi_def_cfa_offset 0
 173              	.LVL9:
 174              		.loc 1 179 1 view .LVU31
 175 002e 7047     		bx	lr
 176              	.L12:
 177              		.align	2
 178              	.L11:
 179 0030 00380140 		.word	1073821696
 180              		.cfi_endproc
 181              	.LFE126:
 183              		.section	.text.SYSCFG_ETH_MediaInterfaceConfig,"ax",%progbits
 184              		.align	1
 185              		.global	SYSCFG_ETH_MediaInterfaceConfig
 186              		.syntax unified
 187              		.thumb
 188              		.thumb_func
 189              		.fpu fpv4-sp-d16
 191              	SYSCFG_ETH_MediaInterfaceConfig:
 192              	.LVL10:
 193              	.LFB127:
 180:Libraries/STM32F4xx_StdPeriph_Driver/src/stm32f4xx_syscfg.c **** 
 181:Libraries/STM32F4xx_StdPeriph_Driver/src/stm32f4xx_syscfg.c **** /**
 182:Libraries/STM32F4xx_StdPeriph_Driver/src/stm32f4xx_syscfg.c ****   * @brief  Selects the ETHERNET media interface 
 183:Libraries/STM32F4xx_StdPeriph_Driver/src/stm32f4xx_syscfg.c ****   * @param  SYSCFG_ETH_MediaInterface: specifies the Media Interface mode. 
 184:Libraries/STM32F4xx_StdPeriph_Driver/src/stm32f4xx_syscfg.c ****   *          This parameter can be one of the following values: 
 185:Libraries/STM32F4xx_StdPeriph_Driver/src/stm32f4xx_syscfg.c ****   *            @arg SYSCFG_ETH_MediaInterface_MII: MII mode selected
 186:Libraries/STM32F4xx_StdPeriph_Driver/src/stm32f4xx_syscfg.c ****   *            @arg SYSCFG_ETH_MediaInterface_RMII: RMII mode selected 
 187:Libraries/STM32F4xx_StdPeriph_Driver/src/stm32f4xx_syscfg.c ****   * @retval None 
 188:Libraries/STM32F4xx_StdPeriph_Driver/src/stm32f4xx_syscfg.c ****   */
 189:Libraries/STM32F4xx_StdPeriph_Driver/src/stm32f4xx_syscfg.c **** void SYSCFG_ETH_MediaInterfaceConfig(uint32_t SYSCFG_ETH_MediaInterface) 
 190:Libraries/STM32F4xx_StdPeriph_Driver/src/stm32f4xx_syscfg.c **** { 
 194              		.loc 1 190 1 is_stmt 1 view -0
 195              		.cfi_startproc
 196              		@ args = 0, pretend = 0, frame = 0
 197              		@ frame_needed = 0, uses_anonymous_args = 0
 198              		@ link register save eliminated.
 191:Libraries/STM32F4xx_StdPeriph_Driver/src/stm32f4xx_syscfg.c ****   assert_param(IS_SYSCFG_ETH_MEDIA_INTERFACE(SYSCFG_ETH_MediaInterface)); 
 199              		.loc 1 191 3 view .LVU33
 192:Libraries/STM32F4xx_StdPeriph_Driver/src/stm32f4xx_syscfg.c ****   /* Configure MII_RMII selection bit */ 
 193:Libraries/STM32F4xx_StdPeriph_Driver/src/stm32f4xx_syscfg.c ****   *(__IO uint32_t *) PMC_MII_RMII_SEL_BB = SYSCFG_ETH_MediaInterface; 
 200              		.loc 1 193 3 view .LVU34
 201              		.loc 1 193 42 is_stmt 0 view .LVU35
 202 0000 014B     		ldr	r3, .L14
 203 0002 1860     		str	r0, [r3]
 194:Libraries/STM32F4xx_StdPeriph_Driver/src/stm32f4xx_syscfg.c **** }
 204              		.loc 1 194 1 view .LVU36
 205 0004 7047     		bx	lr
 206              	.L15:
 207 0006 00BF     		.align	2
 208              	.L14:
 209 0008 DC002742 		.word	1109852380
 210              		.cfi_endproc
 211              	.LFE127:
 213              		.section	.text.SYSCFG_CompensationCellCmd,"ax",%progbits
 214              		.align	1
 215              		.global	SYSCFG_CompensationCellCmd
ARM GAS  /var/folders/3x/w4njr7bn61lgchzhylxd3k6w0000gn/T//ccweXnHa.s 			page 8


 216              		.syntax unified
 217              		.thumb
 218              		.thumb_func
 219              		.fpu fpv4-sp-d16
 221              	SYSCFG_CompensationCellCmd:
 222              	.LVL11:
 223              	.LFB128:
 195:Libraries/STM32F4xx_StdPeriph_Driver/src/stm32f4xx_syscfg.c **** 
 196:Libraries/STM32F4xx_StdPeriph_Driver/src/stm32f4xx_syscfg.c **** /**
 197:Libraries/STM32F4xx_StdPeriph_Driver/src/stm32f4xx_syscfg.c ****   * @brief  Enables or disables the I/O Compensation Cell.
 198:Libraries/STM32F4xx_StdPeriph_Driver/src/stm32f4xx_syscfg.c ****   * @note   The I/O compensation cell can be used only when the device supply
 199:Libraries/STM32F4xx_StdPeriph_Driver/src/stm32f4xx_syscfg.c ****   *         voltage ranges from 2.4 to 3.6 V.  
 200:Libraries/STM32F4xx_StdPeriph_Driver/src/stm32f4xx_syscfg.c ****   * @param  NewState: new state of the I/O Compensation Cell.
 201:Libraries/STM32F4xx_StdPeriph_Driver/src/stm32f4xx_syscfg.c ****   *          This parameter can be one of the following values:
 202:Libraries/STM32F4xx_StdPeriph_Driver/src/stm32f4xx_syscfg.c ****   *            @arg ENABLE: I/O compensation cell enabled  
 203:Libraries/STM32F4xx_StdPeriph_Driver/src/stm32f4xx_syscfg.c ****   *            @arg DISABLE: I/O compensation cell power-down mode  
 204:Libraries/STM32F4xx_StdPeriph_Driver/src/stm32f4xx_syscfg.c ****   * @retval None
 205:Libraries/STM32F4xx_StdPeriph_Driver/src/stm32f4xx_syscfg.c ****   */
 206:Libraries/STM32F4xx_StdPeriph_Driver/src/stm32f4xx_syscfg.c **** void SYSCFG_CompensationCellCmd(FunctionalState NewState)
 207:Libraries/STM32F4xx_StdPeriph_Driver/src/stm32f4xx_syscfg.c **** {
 224              		.loc 1 207 1 is_stmt 1 view -0
 225              		.cfi_startproc
 226              		@ args = 0, pretend = 0, frame = 0
 227              		@ frame_needed = 0, uses_anonymous_args = 0
 228              		@ link register save eliminated.
 208:Libraries/STM32F4xx_StdPeriph_Driver/src/stm32f4xx_syscfg.c ****   /* Check the parameters */
 209:Libraries/STM32F4xx_StdPeriph_Driver/src/stm32f4xx_syscfg.c ****   assert_param(IS_FUNCTIONAL_STATE(NewState));
 229              		.loc 1 209 3 view .LVU38
 210:Libraries/STM32F4xx_StdPeriph_Driver/src/stm32f4xx_syscfg.c **** 
 211:Libraries/STM32F4xx_StdPeriph_Driver/src/stm32f4xx_syscfg.c ****   *(__IO uint32_t *) CMPCR_CMP_PD_BB = (uint32_t)NewState;
 230              		.loc 1 211 3 view .LVU39
 231              		.loc 1 211 38 is_stmt 0 view .LVU40
 232 0000 014B     		ldr	r3, .L17
 233 0002 1860     		str	r0, [r3]
 212:Libraries/STM32F4xx_StdPeriph_Driver/src/stm32f4xx_syscfg.c **** }
 234              		.loc 1 212 1 view .LVU41
 235 0004 7047     		bx	lr
 236              	.L18:
 237 0006 00BF     		.align	2
 238              	.L17:
 239 0008 00042742 		.word	1109853184
 240              		.cfi_endproc
 241              	.LFE128:
 243              		.section	.text.SYSCFG_GetCompensationCellStatus,"ax",%progbits
 244              		.align	1
 245              		.global	SYSCFG_GetCompensationCellStatus
 246              		.syntax unified
 247              		.thumb
 248              		.thumb_func
 249              		.fpu fpv4-sp-d16
 251              	SYSCFG_GetCompensationCellStatus:
 252              	.LFB129:
 213:Libraries/STM32F4xx_StdPeriph_Driver/src/stm32f4xx_syscfg.c **** 
 214:Libraries/STM32F4xx_StdPeriph_Driver/src/stm32f4xx_syscfg.c **** /**
 215:Libraries/STM32F4xx_StdPeriph_Driver/src/stm32f4xx_syscfg.c ****   * @brief  Checks whether the I/O Compensation Cell ready flag is set or not.
 216:Libraries/STM32F4xx_StdPeriph_Driver/src/stm32f4xx_syscfg.c ****   * @param  None
 217:Libraries/STM32F4xx_StdPeriph_Driver/src/stm32f4xx_syscfg.c ****   * @retval The new state of the I/O Compensation Cell ready flag (SET or RESET)
ARM GAS  /var/folders/3x/w4njr7bn61lgchzhylxd3k6w0000gn/T//ccweXnHa.s 			page 9


 218:Libraries/STM32F4xx_StdPeriph_Driver/src/stm32f4xx_syscfg.c ****   */
 219:Libraries/STM32F4xx_StdPeriph_Driver/src/stm32f4xx_syscfg.c **** FlagStatus SYSCFG_GetCompensationCellStatus(void)
 220:Libraries/STM32F4xx_StdPeriph_Driver/src/stm32f4xx_syscfg.c **** {
 253              		.loc 1 220 1 is_stmt 1 view -0
 254              		.cfi_startproc
 255              		@ args = 0, pretend = 0, frame = 0
 256              		@ frame_needed = 0, uses_anonymous_args = 0
 257              		@ link register save eliminated.
 221:Libraries/STM32F4xx_StdPeriph_Driver/src/stm32f4xx_syscfg.c ****   FlagStatus bitstatus = RESET;
 258              		.loc 1 221 3 view .LVU43
 259              	.LVL12:
 222:Libraries/STM32F4xx_StdPeriph_Driver/src/stm32f4xx_syscfg.c ****     
 223:Libraries/STM32F4xx_StdPeriph_Driver/src/stm32f4xx_syscfg.c ****   if ((SYSCFG->CMPCR & SYSCFG_CMPCR_READY ) != (uint32_t)RESET)
 260              		.loc 1 223 3 view .LVU44
 261              		.loc 1 223 14 is_stmt 0 view .LVU45
 262 0000 044B     		ldr	r3, .L22
 263 0002 1B6A     		ldr	r3, [r3, #32]
 264              		.loc 1 223 6 view .LVU46
 265 0004 13F4807F 		tst	r3, #256
 266 0008 01D0     		beq	.L21
 224:Libraries/STM32F4xx_StdPeriph_Driver/src/stm32f4xx_syscfg.c ****   {
 225:Libraries/STM32F4xx_StdPeriph_Driver/src/stm32f4xx_syscfg.c ****     bitstatus = SET;
 267              		.loc 1 225 15 view .LVU47
 268 000a 0120     		movs	r0, #1
 269 000c 7047     		bx	lr
 270              	.L21:
 226:Libraries/STM32F4xx_StdPeriph_Driver/src/stm32f4xx_syscfg.c ****   }
 227:Libraries/STM32F4xx_StdPeriph_Driver/src/stm32f4xx_syscfg.c ****   else
 228:Libraries/STM32F4xx_StdPeriph_Driver/src/stm32f4xx_syscfg.c ****   {
 229:Libraries/STM32F4xx_StdPeriph_Driver/src/stm32f4xx_syscfg.c ****     bitstatus = RESET;
 271              		.loc 1 229 15 view .LVU48
 272 000e 0020     		movs	r0, #0
 273              	.LVL13:
 230:Libraries/STM32F4xx_StdPeriph_Driver/src/stm32f4xx_syscfg.c ****   }
 231:Libraries/STM32F4xx_StdPeriph_Driver/src/stm32f4xx_syscfg.c ****   return bitstatus;
 274              		.loc 1 231 3 is_stmt 1 view .LVU49
 232:Libraries/STM32F4xx_StdPeriph_Driver/src/stm32f4xx_syscfg.c **** }
 275              		.loc 1 232 1 is_stmt 0 view .LVU50
 276 0010 7047     		bx	lr
 277              	.L23:
 278 0012 00BF     		.align	2
 279              	.L22:
 280 0014 00380140 		.word	1073821696
 281              		.cfi_endproc
 282              	.LFE129:
 284              		.text
 285              	.Letext0:
 286              		.file 2 "/Users/gordon/Documents/soft_proj/gcc-arm-none-eabi-8-2018-q4-major/arm-none-eabi/include
 287              		.file 3 "/Users/gordon/Documents/soft_proj/gcc-arm-none-eabi-8-2018-q4-major/arm-none-eabi/include
 288              		.file 4 "Libraries/CMSIS/Include/core_cm4.h"
 289              		.file 5 "Libraries/CMSIS/Device/ST/STM32F4xx/Include/system_stm32f4xx.h"
 290              		.file 6 "Libraries/CMSIS/Device/ST/STM32F4xx/Include/stm32f4xx.h"
 291              		.file 7 "Libraries/STM32F4xx_StdPeriph_Driver/inc/stm32f4xx_rcc.h"
ARM GAS  /var/folders/3x/w4njr7bn61lgchzhylxd3k6w0000gn/T//ccweXnHa.s 			page 10


DEFINED SYMBOLS
                            *ABS*:0000000000000000 stm32f4xx_syscfg.c
/var/folders/3x/w4njr7bn61lgchzhylxd3k6w0000gn/T//ccweXnHa.s:18     .text.SYSCFG_DeInit:0000000000000000 $t
/var/folders/3x/w4njr7bn61lgchzhylxd3k6w0000gn/T//ccweXnHa.s:26     .text.SYSCFG_DeInit:0000000000000000 SYSCFG_DeInit
/var/folders/3x/w4njr7bn61lgchzhylxd3k6w0000gn/T//ccweXnHa.s:54     .text.SYSCFG_MemoryRemapConfig:0000000000000000 $t
/var/folders/3x/w4njr7bn61lgchzhylxd3k6w0000gn/T//ccweXnHa.s:61     .text.SYSCFG_MemoryRemapConfig:0000000000000000 SYSCFG_MemoryRemapConfig
/var/folders/3x/w4njr7bn61lgchzhylxd3k6w0000gn/T//ccweXnHa.s:79     .text.SYSCFG_MemoryRemapConfig:0000000000000008 $d
/var/folders/3x/w4njr7bn61lgchzhylxd3k6w0000gn/T//ccweXnHa.s:84     .text.SYSCFG_MemorySwappingBank:0000000000000000 $t
/var/folders/3x/w4njr7bn61lgchzhylxd3k6w0000gn/T//ccweXnHa.s:91     .text.SYSCFG_MemorySwappingBank:0000000000000000 SYSCFG_MemorySwappingBank
/var/folders/3x/w4njr7bn61lgchzhylxd3k6w0000gn/T//ccweXnHa.s:109    .text.SYSCFG_MemorySwappingBank:0000000000000008 $d
/var/folders/3x/w4njr7bn61lgchzhylxd3k6w0000gn/T//ccweXnHa.s:114    .text.SYSCFG_EXTILineConfig:0000000000000000 $t
/var/folders/3x/w4njr7bn61lgchzhylxd3k6w0000gn/T//ccweXnHa.s:121    .text.SYSCFG_EXTILineConfig:0000000000000000 SYSCFG_EXTILineConfig
/var/folders/3x/w4njr7bn61lgchzhylxd3k6w0000gn/T//ccweXnHa.s:179    .text.SYSCFG_EXTILineConfig:0000000000000030 $d
/var/folders/3x/w4njr7bn61lgchzhylxd3k6w0000gn/T//ccweXnHa.s:184    .text.SYSCFG_ETH_MediaInterfaceConfig:0000000000000000 $t
/var/folders/3x/w4njr7bn61lgchzhylxd3k6w0000gn/T//ccweXnHa.s:191    .text.SYSCFG_ETH_MediaInterfaceConfig:0000000000000000 SYSCFG_ETH_MediaInterfaceConfig
/var/folders/3x/w4njr7bn61lgchzhylxd3k6w0000gn/T//ccweXnHa.s:209    .text.SYSCFG_ETH_MediaInterfaceConfig:0000000000000008 $d
/var/folders/3x/w4njr7bn61lgchzhylxd3k6w0000gn/T//ccweXnHa.s:214    .text.SYSCFG_CompensationCellCmd:0000000000000000 $t
/var/folders/3x/w4njr7bn61lgchzhylxd3k6w0000gn/T//ccweXnHa.s:221    .text.SYSCFG_CompensationCellCmd:0000000000000000 SYSCFG_CompensationCellCmd
/var/folders/3x/w4njr7bn61lgchzhylxd3k6w0000gn/T//ccweXnHa.s:239    .text.SYSCFG_CompensationCellCmd:0000000000000008 $d
/var/folders/3x/w4njr7bn61lgchzhylxd3k6w0000gn/T//ccweXnHa.s:244    .text.SYSCFG_GetCompensationCellStatus:0000000000000000 $t
/var/folders/3x/w4njr7bn61lgchzhylxd3k6w0000gn/T//ccweXnHa.s:251    .text.SYSCFG_GetCompensationCellStatus:0000000000000000 SYSCFG_GetCompensationCellStatus
/var/folders/3x/w4njr7bn61lgchzhylxd3k6w0000gn/T//ccweXnHa.s:280    .text.SYSCFG_GetCompensationCellStatus:0000000000000014 $d

UNDEFINED SYMBOLS
RCC_APB2PeriphResetCmd
